bundle-70c649f7a6.js:1 【2020/05/12 15:51:59】: ===>发送协议： {"msgId":"1001","args":{"serverId":110,"accountId":"17673b81-ce8c-44f4-b683-8b00d9fd5091","sign":"2e02a864d76ce2f4bf790a6f14495040","loginCheckTime":1589269915133}}
bundle-70c649f7a6.js:1 【2020/05/12 15:51:59】: ===>发送协议： {"msgId":"1002"}
bundle-70c649f7a6.js:1 【2020/05/12 15:51:59】: ===>发送协议： {"msgId":"1100"}
bundle-70c649f7a6.js:1 【2020/05/12 15:52:05】: ===>发送协议： {"msgId":"1000","args":{"serverId":110,"accountId":"17673b81-ce8c-44f4-b683-8b00d9fd5091","sign":"2e02a864d76ce2f4bf790a6f14495040","loginCheckTime":1589269915133,"nickname":"汤音蝶"}}
bundle-70c649f7a6.js:1 【2020/05/12 15:52:05】: ===>发送协议： {"msgId":"1100"}
bundle-70c649f7a6.js:1 【2020/05/12 15:52:05】: ===>发送协议： {"msgId":"1400"}
bundle-70c649f7a6.js:1 【2020/05/12 15:52:05】: ===>发送协议： {"msgId":"1403"}
bundle-70c649f7a6.js:1 【2020/05/12 15:52:05】: ===>发送协议： {"msgId":"1405"}
bundle-70c649f7a6.js:1 【2020/05/12 15:52:05】: ===>发送协议： {"msgId":"1407"}
bundle-70c649f7a6.js:1 【2020/05/12 15:52:05】: ===>发送协议： {"msgId":"1600"}
bundle-70c649f7a6.js:1 【2020/05/12 15:52:05】: ===>发送协议： {"msgId":"1500"}
bundle-70c649f7a6.js:1 【2020/05/12 15:52:05】: ===>发送协议： {"msgId":"1700"}
bundle-70c649f7a6.js:1 【2020/05/12 15:52:05】: ===>发送协议： {"msgId":"1702"}
bundle-70c649f7a6.js:1 【2020/05/12 15:52:05】: ===>发送协议： {"msgId":"1701"}
bundle-70c649f7a6.js:1 【2020/05/12 15:52:05】: ===>发送协议： {"msgId":"1100"}
bundle-70c649f7a6.js:1 【2020/05/12 15:52:05】: ===>发送协议： {"msgId":"1900"}
bundle-70c649f7a6.js:1 【2020/05/12 15:52:05】: ===>发送协议： {"msgId":"1800"}
bundle-70c649f7a6.js:1 【2020/05/12 15:52:05】: ===>发送协议： {"msgId":"1009"}
bundle-70c649f7a6.js:1 【2020/05/12 15:52:05】: ===>发送协议： {"msgId":"1012"}
bundle-70c649f7a6.js:1 【2020/05/12 15:52:05】: ===>发送协议： {"msgId":"2202"}
bundle-70c649f7a6.js:1 【2020/05/12 15:52:05】: ===>发送协议： {"msgId":"2600"}
bundle-70c649f7a6.js:1 【2020/05/12 15:52:05】: ===>发送协议： {"msgId":"2200"}
bundle-70c649f7a6.js:1 【2020/05/12 15:52:05】: ===>发送协议： {"msgId":"1605"}
bundle-70c649f7a6.js:1 【2020/05/12 15:52:05】: ===>发送协议： {"msgId":"1712"}
bundle-70c649f7a6.js:1 【2020/05/12 15:52:05】: ===>发送协议： {"msgId":"1714"}
bundle-70c649f7a6.js:1 【2020/05/12 15:52:05】: ===>发送协议： {"msgId":"2502"}
bundle-70c649f7a6.js:1 【2020/05/12 15:52:05】: ===>发送协议： {"msgId":"1011"}
bundle-70c649f7a6.js:1 【2020/05/12 15:52:24】: ===>发送协议： {"msgId":"9999","args":{"command":"props diamond 10000"}}
bundle-70c649f7a6.js:1 【2020/05/12 15:52:25】: ===>发送协议： {"msgId":"9999","args":{"command":"props gold 10000"}}
bundle-70c649f7a6.js:1 【2020/05/12 15:52:30】: ===>发送协议： {"msgId":"1002"}
bundle-70c649f7a6.js:1 【2020/05/12 15:52:36】: ===>发送协议： {"msgId":"1901","args":{"wareId":1001,"num":5}}
bundle-70c649f7a6.js:1 【2020/05/12 15:52:38】: ===>发送协议： {"msgId":"1901","args":{"wareId":1001,"num":5}}
bundle-70c649f7a6.js:1 【2020/05/12 15:52:52】: ===>发送协议： {"msgId":"1801","args":{"date":1,"isRepaired":false}}
bundle-70c649f7a6.js:1 【2020/05/12 15:53:00】: ===>发送协议： {"msgId":"2001","args":{"drawingType":2}}
bundle-70c649f7a6.js:1 【2020/05/12 15:53:01】: ===>发送协议： {"msgId":"1002"}
bundle-70c649f7a6.js:1 【2020/05/12 15:53:07】: ===>发送协议： {"msgId":"2001","args":{"drawingType":2}}
bundle-70c649f7a6.js:1 【2020/05/12 15:53:19】: ===>发送协议： {"msgId":"1714"}
bundle-70c649f7a6.js:1 【2020/05/12 15:53:24】: ===>发送协议： {"msgId":"2300","args":{"missionId":51101,"cardIds":[{"playerId":1001100000000017,"cardId":11001}]}}
bundle-70c649f7a6.js:1 【2020/05/12 15:53:32】: ===>发送协议： {"msgId":"1002"}
bundle-70c649f7a6.js:1 【2020/05/12 15:53:32】: ===>发送协议： {"msgId":"2301","args":{"info":{"roundId":1,"infos":[{"color":1,"bootType":0,"buffIds":[]},{"color":1,"bootType":0,"buffIds":[]},{"color":1,"bootType":0,"buffIds":[]},{"color":1,"bootType":0,"buffIds":[]},{"color":1,"bootType":0,"buffIds":[]},{"color":1,"bootType":0,"buffIds":[]},{"color":2,"bootType":0,"buffIds":[]},{"color":2,"bootType":0,"buffIds":[]},{"color":2,"bootType":0,"buffIds":[]}],"code":"210aae9bc2f199d5aa717ab5115d5e3a","timestamp":1589270012,"isFinish":false,"cardId":11001,"swaps":[{"color":0,"bootType":0,"buffIds":[]},{"color":2,"bootType":0,"buffIds":[]}],"isSuccess":false}}}
bundle-70c649f7a6.js:1 【2020/05/12 15:53:40】: ===>发送协议： {"msgId":"2301","args":{"info":{"roundId":2,"infos":[{"color":5,"bootType":0,"buffIds":[]},{"color":5,"bootType":0,"buffIds":[]},{"color":5,"bootType":0,"buffIds":[]},{"color":5,"bootType":0,"buffIds":[]},{"color":4,"bootType":0,"buffIds":[]},{"color":5,"bootType":0,"buffIds":[]},{"color":4,"bootType":0,"buffIds":[]},{"color":2,"bootType":0,"buffIds":[]},{"color":3,"bootType":2,"buffIds":[]}],"code":"b9459db0ae0fa274d019050d508ef1b0","timestamp":1589270020,"isFinish":true,"cardId":11001,"swaps":[{"color":0,"bootType":0,"buffIds":[]},{"color":3,"bootType":0,"buffIds":[]}],"isSuccess":true}}}
bundle-70c649f7a6.js:1 【2020/05/12 15:53:52】: ===>发送协议： {"msgId":"2203","args":{"isMulti":false,"missionId":51101}}
bundle-70c649f7a6.js:1 【2020/05/12 15:53:54】: ===>发送协议： {"msgId":"2203","args":{"isMulti":false,"missionId":51101}}
bundle-70c649f7a6.js:1 【2020/05/12 15:53:55】: ===>发送协议： {"msgId":"2203","args":{"isMulti":true,"missionId":51101}}
bundle-70c649f7a6.js:1 【2020/05/12 15:54:02】: ===>发送协议： {"msgId":"2203","args":{"isMulti":true,"missionId":51101}}
bundle-70c649f7a6.js:1 【2020/05/12 15:54:03】: ===>发送协议： {"msgId":"1002"}
bundle-70c649f7a6.js:1 【2020/05/12 15:54:35】: ===>发送协议： {"msgId":"1002"}
bundle-70c649f7a6.js:1 【2020/05/12 15:55:06】: ===>发送协议： {"msgId":"1002"}
bundle-70c649f7a6.js:1 【2020/05/12 15:55:37】: ===>发送协议： {"msgId":"1002"}
bundle-70c649f7a6.js:1 【2020/05/12 15:56:08】: ===>发送协议： {"msgId":"1002"}
bundle-70c649f7a6.js:1 【2020/05/12 15:56:39】: ===>发送协议： {"msgId":"1002"}
bundle-70c649f7a6.js:1 【2020/05/12 15:57:10】: ===>发送协议： {"msgId":"1002"}
bundle-70c649f7a6.js:1 【2020/05/12 15:57:41】: ===>发送协议： {"msgId":"1002"}
bundle-70c649f7a6.js:1 【2020/05/12 15:58:11】: ===>发送协议： {"msgId":"1002"}
